2025-04-22 18:52:05 [ERROR]: Error: Cannot find module 'C:\Users\jarvis\Documents\Github\HSF-Backend-New\src\workers\worker.js'
    at Function.<anonymous> (node:internal/modules/cjs/loader:1225:15)
    at Function.Module._resolveFilename (C:\Users\jarvis\Documents\Github\HSF-Backend-New\node_modules\tsconfig-paths\src\register.ts:115:36)
    at Function._load (node:internal/modules/cjs/loader:1051:27)
    at Function.executeUserEntryPoint [as runMain] (node:internal/modules/run_main:173:12)
    at MessagePort.<anonymous> (node:internal/main/worker_thread:188:26)
    at MessagePort.[nodejs.internal.kHybridDispatch] (node:internal/event_target:831:20)
    at MessagePort.<anonymous> (node:internal/per_context/messageport:23:28)
2025-04-22 19:45:31 [ERROR]: Error: Cannot find module 'C:\Users\jarvis\Documents\Github\HSF-Backend-New\src\workers\worker.js'
    at Function.<anonymous> (node:internal/modules/cjs/loader:1225:15)
    at Function.Module._resolveFilename (C:\Users\jarvis\Documents\Github\HSF-Backend-New\node_modules\tsconfig-paths\src\register.ts:115:36)
    at Function._load (node:internal/modules/cjs/loader:1051:27)
    at Function.executeUserEntryPoint [as runMain] (node:internal/modules/run_main:173:12)
    at MessagePort.<anonymous> (node:internal/main/worker_thread:188:26)
    at MessagePort.[nodejs.internal.kHybridDispatch] (node:internal/event_target:831:20)
    at MessagePort.<anonymous> (node:internal/per_context/messageport:23:28)
2025-04-22 19:51:31 [ERROR]: Error: Cannot find module 'C:\Users\jarvis\Documents\Github\HSF-Backend-New\src\workers\worker.js'
    at Function.<anonymous> (node:internal/modules/cjs/loader:1225:15)
    at Function.Module._resolveFilename (C:\Users\jarvis\Documents\Github\HSF-Backend-New\node_modules\tsconfig-paths\src\register.ts:115:36)
    at Function._load (node:internal/modules/cjs/loader:1051:27)
    at Function.executeUserEntryPoint [as runMain] (node:internal/modules/run_main:173:12)
    at MessagePort.<anonymous> (node:internal/main/worker_thread:188:26)
    at MessagePort.[nodejs.internal.kHybridDispatch] (node:internal/event_target:831:20)
    at MessagePort.<anonymous> (node:internal/per_context/messageport:23:28)
2025-04-22 19:54:38 [ERROR]: Error: Cannot find module 'C:\Users\jarvis\Documents\Github\HSF-Backend-New\src\workers\worker.js'
    at Function.<anonymous> (node:internal/modules/cjs/loader:1225:15)
    at Function.Module._resolveFilename (C:\Users\jarvis\Documents\Github\HSF-Backend-New\node_modules\tsconfig-paths\src\register.ts:115:36)
    at Function._load (node:internal/modules/cjs/loader:1051:27)
    at Function.executeUserEntryPoint [as runMain] (node:internal/modules/run_main:173:12)
    at MessagePort.<anonymous> (node:internal/main/worker_thread:188:26)
    at MessagePort.[nodejs.internal.kHybridDispatch] (node:internal/event_target:831:20)
    at MessagePort.<anonymous> (node:internal/per_context/messageport:23:28)
2025-04-22 20:00:30 [ERROR]: Error: Cannot find module 'C:\Users\jarvis\Documents\Github\HSF-Backend-New\src\workers\worker.js'
    at Function.<anonymous> (node:internal/modules/cjs/loader:1225:15)
    at Function.Module._resolveFilename (C:\Users\jarvis\Documents\Github\HSF-Backend-New\node_modules\tsconfig-paths\src\register.ts:115:36)
    at Function._load (node:internal/modules/cjs/loader:1051:27)
    at Function.executeUserEntryPoint [as runMain] (node:internal/modules/run_main:173:12)
    at MessagePort.<anonymous> (node:internal/main/worker_thread:188:26)
    at MessagePort.[nodejs.internal.kHybridDispatch] (node:internal/event_target:831:20)
    at MessagePort.<anonymous> (node:internal/per_context/messageport:23:28)
2025-04-24 13:18:37 [ERROR]: Error: Cannot find module '/home/buildthings/Documents/projects/actives/HSF-Backend-New/src/workers/worker.js'
    at Function.<anonymous> (node:internal/modules/cjs/loader:1225:15)
    at Function.Module._resolveFilename (/home/buildthings/Documents/projects/actives/HSF-Backend-New/node_modules/tsconfig-paths/src/register.ts:115:36)
    at Function._load (node:internal/modules/cjs/loader:1055:27)
    at TracingChannel.traceSync (node:diagnostics_channel:322:14)
    at wrapModuleLoad (node:internal/modules/cjs/loader:220:24)
    at Function.executeUserEntryPoint [as runMain] (node:internal/modules/run_main:170:5)
    at MessagePort.<anonymous> (node:internal/main/worker_thread:212:26)
    at MessagePort.[nodejs.internal.kHybridDispatch] (node:internal/event_target:827:20)
    at MessagePort.<anonymous> (node:internal/per_context/messageport:23:28)
2025-04-24 13:33:10 [ERROR]: Error: Cannot find module '/home/buildthings/Documents/projects/actives/HSF-Backend-New/src/workers/worker.js'
    at Function.<anonymous> (node:internal/modules/cjs/loader:1225:15)
    at Function.Module._resolveFilename (/home/buildthings/Documents/projects/actives/HSF-Backend-New/node_modules/tsconfig-paths/src/register.ts:115:36)
    at Function._load (node:internal/modules/cjs/loader:1055:27)
    at TracingChannel.traceSync (node:diagnostics_channel:322:14)
    at wrapModuleLoad (node:internal/modules/cjs/loader:220:24)
    at Function.executeUserEntryPoint [as runMain] (node:internal/modules/run_main:170:5)
    at MessagePort.<anonymous> (node:internal/main/worker_thread:212:26)
    at MessagePort.[nodejs.internal.kHybridDispatch] (node:internal/event_target:827:20)
    at MessagePort.<anonymous> (node:internal/per_context/messageport:23:28)
2025-04-24 16:26:41 [ERROR]: Error: Cannot find module '/home/buildthings/Documents/projects/actives/HSF-Backend-New/src/workers/worker.js'
    at Function.<anonymous> (node:internal/modules/cjs/loader:1225:15)
    at Function.Module._resolveFilename (/home/buildthings/Documents/projects/actives/HSF-Backend-New/node_modules/tsconfig-paths/src/register.ts:115:36)
    at Function._load (node:internal/modules/cjs/loader:1055:27)
    at TracingChannel.traceSync (node:diagnostics_channel:322:14)
    at wrapModuleLoad (node:internal/modules/cjs/loader:220:24)
    at Function.executeUserEntryPoint [as runMain] (node:internal/modules/run_main:170:5)
    at MessagePort.<anonymous> (node:internal/main/worker_thread:212:26)
    at MessagePort.[nodejs.internal.kHybridDispatch] (node:internal/event_target:827:20)
    at MessagePort.<anonymous> (node:internal/per_context/messageport:23:28)
2025-04-24 16:59:57 [ERROR]: Error: Cannot find module '/home/buildthings/Documents/projects/actives/HSF-Backend-New/src/workers/worker.js'
    at Function.<anonymous> (node:internal/modules/cjs/loader:1225:15)
    at Function.Module._resolveFilename (/home/buildthings/Documents/projects/actives/HSF-Backend-New/node_modules/tsconfig-paths/src/register.ts:115:36)
    at Function._load (node:internal/modules/cjs/loader:1055:27)
    at TracingChannel.traceSync (node:diagnostics_channel:322:14)
    at wrapModuleLoad (node:internal/modules/cjs/loader:220:24)
    at Function.executeUserEntryPoint [as runMain] (node:internal/modules/run_main:170:5)
    at MessagePort.<anonymous> (node:internal/main/worker_thread:212:26)
    at MessagePort.[nodejs.internal.kHybridDispatch] (node:internal/event_target:827:20)
    at MessagePort.<anonymous> (node:internal/per_context/messageport:23:28)
2025-04-24 17:00:15 [ERROR]: Error: Cannot find module '/home/buildthings/Documents/projects/actives/HSF-Backend-New/src/workers/worker.js'
    at Function.<anonymous> (node:internal/modules/cjs/loader:1225:15)
    at Function.Module._resolveFilename (/home/buildthings/Documents/projects/actives/HSF-Backend-New/node_modules/tsconfig-paths/src/register.ts:115:36)
    at Function._load (node:internal/modules/cjs/loader:1055:27)
    at TracingChannel.traceSync (node:diagnostics_channel:322:14)
    at wrapModuleLoad (node:internal/modules/cjs/loader:220:24)
    at Function.executeUserEntryPoint [as runMain] (node:internal/modules/run_main:170:5)
    at MessagePort.<anonymous> (node:internal/main/worker_thread:212:26)
    at MessagePort.[nodejs.internal.kHybridDispatch] (node:internal/event_target:827:20)
    at MessagePort.<anonymous> (node:internal/per_context/messageport:23:28)
2025-04-25 06:25:56 [ERROR]: Error: Cannot set headers after they are sent to the client
    at ServerResponse.setHeader (node:_http_outgoing:699:11)
    at ServerResponse.header (/home/buildthings/Documents/projects/actives/HSF-Backend-New/node_modules/express/lib/response.js:794:10)
    at ServerResponse.send (/home/buildthings/Documents/projects/actives/HSF-Backend-New/node_modules/express/lib/response.js:174:12)
    at ServerResponse.json (/home/buildthings/Documents/projects/actives/HSF-Backend-New/node_modules/express/lib/response.js:278:15)
    at /home/buildthings/Documents/projects/actives/HSF-Backend-New/src/presentation/routes/authRoutes/oauth.routes.ts:151:35
    at processTicksAndRejections (node:internal/process/task_queues:105:5)
2025-04-25 06:26:47 [ERROR]: Error: Cannot set headers after they are sent to the client
    at ServerResponse.setHeader (node:_http_outgoing:699:11)
    at ServerResponse.header (/home/buildthings/Documents/projects/actives/HSF-Backend-New/node_modules/express/lib/response.js:794:10)
    at ServerResponse.send (/home/buildthings/Documents/projects/actives/HSF-Backend-New/node_modules/express/lib/response.js:174:12)
    at ServerResponse.json (/home/buildthings/Documents/projects/actives/HSF-Backend-New/node_modules/express/lib/response.js:278:15)
    at /home/buildthings/Documents/projects/actives/HSF-Backend-New/src/presentation/routes/authRoutes/oauth.routes.ts:151:35
    at processTicksAndRejections (node:internal/process/task_queues:105:5)
2025-04-25 06:29:47 [ERROR]: Error: Cannot set headers after they are sent to the client
    at ServerResponse.setHeader (node:_http_outgoing:699:11)
    at ServerResponse.header (/home/buildthings/Documents/projects/actives/HSF-Backend-New/node_modules/express/lib/response.js:794:10)
    at ServerResponse.send (/home/buildthings/Documents/projects/actives/HSF-Backend-New/node_modules/express/lib/response.js:174:12)
    at ServerResponse.json (/home/buildthings/Documents/projects/actives/HSF-Backend-New/node_modules/express/lib/response.js:278:15)
    at /home/buildthings/Documents/projects/actives/HSF-Backend-New/src/presentation/routes/authRoutes/oauth.routes.ts:152:35
    at processTicksAndRejections (node:internal/process/task_queues:105:5)
2025-04-25 06:50:38 [ERROR]: Error: Cannot set headers after they are sent to the client
    at ServerResponse.setHeader (node:_http_outgoing:699:11)
    at ServerResponse.header (/home/buildthings/Documents/projects/actives/HSF-Backend-New/node_modules/express/lib/response.js:794:10)
    at ServerResponse.send (/home/buildthings/Documents/projects/actives/HSF-Backend-New/node_modules/express/lib/response.js:174:12)
    at ServerResponse.json (/home/buildthings/Documents/projects/actives/HSF-Backend-New/node_modules/express/lib/response.js:278:15)
    at /home/buildthings/Documents/projects/actives/HSF-Backend-New/src/presentation/routes/authRoutes/oauth.routes.ts:155:37
    at processTicksAndRejections (node:internal/process/task_queues:105:5)
2025-04-26 13:35:08 [ERROR]: Error: Worker is already running.
    at Worker.run (/home/buildthings/Documents/projects/actives/HSF-Backend-New/node_modules/bullmq/src/classes/worker.ts:435:13)
    at Object.<anonymous> (/home/buildthings/Documents/projects/actives/HSF-Backend-New/src/server/app.ts:54:18)
    at Module.<anonymous> (node:internal/modules/cjs/loader:1554:14)
    at Module._compile (/home/buildthings/Documents/projects/actives/HSF-Backend-New/node_modules/source-map-support/source-map-support.js:568:25)
    at Module.m._compile (/tmp/ts-node-dev-hook-5389927828948713.js:69:33)
    at node:internal/modules/cjs/loader:1706:10
    at require.extensions..jsx.require.extensions..js (/tmp/ts-node-dev-hook-5389927828948713.js:114:20)
    at require.extensions.<computed> (/tmp/ts-node-dev-hook-5389927828948713.js:71:20)
    at Object.nodeDevHook [as .ts] (/home/buildthings/Documents/projects/actives/HSF-Backend-New/node_modules/ts-node-dev/lib/hook.js:63:13)
    at Module.load (node:internal/modules/cjs/loader:1289:32)
2025-04-26 13:35:26 [ERROR]: Error: Worker is already running.
    at Worker.run (/home/buildthings/Documents/projects/actives/HSF-Backend-New/node_modules/bullmq/src/classes/worker.ts:435:13)
    at Object.<anonymous> (/home/buildthings/Documents/projects/actives/HSF-Backend-New/src/server/app.ts:54:18)
    at Module.<anonymous> (node:internal/modules/cjs/loader:1554:14)
    at Module._compile (/home/buildthings/Documents/projects/actives/HSF-Backend-New/node_modules/source-map-support/source-map-support.js:568:25)
    at Module.m._compile (/tmp/ts-node-dev-hook-4457408779768026.js:69:33)
    at node:internal/modules/cjs/loader:1706:10
    at require.extensions..jsx.require.extensions..js (/tmp/ts-node-dev-hook-4457408779768026.js:114:20)
    at require.extensions.<computed> (/tmp/ts-node-dev-hook-4457408779768026.js:71:20)
    at Object.nodeDevHook [as .ts] (/home/buildthings/Documents/projects/actives/HSF-Backend-New/node_modules/ts-node-dev/lib/hook.js:63:13)
    at Module.load (node:internal/modules/cjs/loader:1289:32)
2025-04-26 13:35:42 [ERROR]: Error: Worker is already running.
    at Worker.run (/home/buildthings/Documents/projects/actives/HSF-Backend-New/node_modules/bullmq/src/classes/worker.ts:435:13)
    at Object.<anonymous> (/home/buildthings/Documents/projects/actives/HSF-Backend-New/src/server/app.ts:54:18)
    at Module.<anonymous> (node:internal/modules/cjs/loader:1554:14)
    at Module._compile (/home/buildthings/Documents/projects/actives/HSF-Backend-New/node_modules/source-map-support/source-map-support.js:568:25)
    at Module.m._compile (/tmp/ts-node-dev-hook-4457408779768026.js:69:33)
    at node:internal/modules/cjs/loader:1706:10
    at require.extensions..jsx.require.extensions..js (/tmp/ts-node-dev-hook-4457408779768026.js:114:20)
    at require.extensions.<computed> (/tmp/ts-node-dev-hook-4457408779768026.js:71:20)
    at Object.nodeDevHook [as .ts] (/home/buildthings/Documents/projects/actives/HSF-Backend-New/node_modules/ts-node-dev/lib/hook.js:63:13)
    at Module.load (node:internal/modules/cjs/loader:1289:32)
2025-04-27 14:44:39 [ERROR]: Error [ERR_REQUIRE_ESM]: require() of ES Module C:\Users\jarvis\Documents\Github\HSF-Backend-New\node_modules\arctic\dist\index.js from C:\Users\jarvis\Documents\Github\HSF-Backend-New\src\infrastructure\oauth\google.ts not supported.
Instead change the require of index.js in C:\Users\jarvis\Documents\Github\HSF-Backend-New\src\infrastructure\oauth\google.ts to a dynamic import() which is available in all CommonJS modules.
    at require.extensions..jsx.require.extensions..js (C:\Users\jarvis\AppData\Local\Temp\ts-node-dev-hook-6739317050148665.js:114:20)
    at Object.nodeDevHook [as .js] (C:\Users\jarvis\Documents\Github\HSF-Backend-New\node_modules\ts-node-dev\lib\hook.js:63:13)
    at C:\Users\jarvis\Documents\Github\HSF-Backend-New\src\infrastructure\oauth\google.ts:44:58
2025-04-27 14:44:49 [ERROR]: Error [ERR_REQUIRE_ESM]: require() of ES Module C:\Users\jarvis\Documents\Github\HSF-Backend-New\node_modules\arctic\dist\index.js from C:\Users\jarvis\Documents\Github\HSF-Backend-New\src\infrastructure\oauth\google.ts not supported.
Instead change the require of index.js in C:\Users\jarvis\Documents\Github\HSF-Backend-New\src\infrastructure\oauth\google.ts to a dynamic import() which is available in all CommonJS modules.
    at require.extensions..jsx.require.extensions..js (C:\Users\jarvis\AppData\Local\Temp\ts-node-dev-hook-6739317050148665.js:114:20)
    at Object.nodeDevHook [as .js] (C:\Users\jarvis\Documents\Github\HSF-Backend-New\node_modules\ts-node-dev\lib\hook.js:63:13)
    at C:\Users\jarvis\Documents\Github\HSF-Backend-New\src\infrastructure\oauth\google.ts:40:58
2025-04-27 16:25:00 [ERROR]: TypeError: Cannot read properties of undefined (reading 'id')
    at Agents.createAdmin (C:\Users\jarvis\Documents\Github\HSF-Backend-New\src\application\useCases\Agent\agent.ts:51:46)
    at processTicksAndRejections (node:internal/process/task_queues:105:5)
2025-04-27 16:26:07 [ERROR]: TypeError: Cannot read properties of undefined (reading 'id')
    at Agents.createAdmin (C:\Users\jarvis\Documents\Github\HSF-Backend-New\src\application\useCases\Agent\agent.ts:51:46)
    at processTicksAndRejections (node:internal/process/task_queues:105:5)
2025-04-27 16:26:40 [ERROR]: TypeError: Cannot read properties of undefined (reading 'id')
    at Agents.createAdmin (C:\Users\jarvis\Documents\Github\HSF-Backend-New\src\application\useCases\Agent\agent.ts:51:46)
    at processTicksAndRejections (node:internal/process/task_queues:105:5)
2025-04-27 16:26:50 [ERROR]: TypeError: Cannot read properties of undefined (reading 'id')
    at Agents.createAdmin (C:\Users\jarvis\Documents\Github\HSF-Backend-New\src\application\useCases\Agent\agent.ts:51:46)
    at processTicksAndRejections (node:internal/process/task_queues:105:5)
2025-04-27 16:29:57 [ERROR]: Error: Email is already in use.
    at ExistingUsers.beforeCreateEmail (C:\Users\jarvis\Documents\Github\HSF-Backend-New\src\application\useCases\utils.ts:32:13)
    at processTicksAndRejections (node:internal/process/task_queues:105:5)
    at Agents.createAdmin (C:\Users\jarvis\Documents\Github\HSF-Backend-New\src\application\useCases\Agent\agent.ts:46:5)
2025-05-11 08:02:23 [ERROR]: Error: Invalid secret code
    at MfaController.verify (/home/buildthings/Documents/projects/actives/HSF-Backend-New/src/presentation/controllers/Mfa.controller.ts:98:13)
    at processTicksAndRejections (node:internal/process/task_queues:105:5)
    at /home/buildthings/Documents/projects/actives/HSF-Backend-New/src/presentation/routes/userRoutes/mfa.routes.ts:25:22
2025-05-11 08:06:05 [ERROR]: Error: Invalid secret code
    at MfaController.verify (/home/buildthings/Documents/projects/actives/HSF-Backend-New/src/presentation/controllers/Mfa.controller.ts:99:13)
    at processTicksAndRejections (node:internal/process/task_queues:105:5)
    at /home/buildthings/Documents/projects/actives/HSF-Backend-New/src/presentation/routes/userRoutes/mfa.routes.ts:25:22
2025-05-11 08:06:47 [ERROR]: Error: Invalid secret code
    at MfaController.verify (/home/buildthings/Documents/projects/actives/HSF-Backend-New/src/presentation/controllers/Mfa.controller.ts:101:13)
    at processTicksAndRejections (node:internal/process/task_queues:105:5)
    at /home/buildthings/Documents/projects/actives/HSF-Backend-New/src/presentation/routes/userRoutes/mfa.routes.ts:25:22
2025-05-11 08:08:46 [ERROR]: Error: Invalid secret code
    at MfaController.verify (/home/buildthings/Documents/projects/actives/HSF-Backend-New/src/presentation/controllers/Mfa.controller.ts:102:13)
    at processTicksAndRejections (node:internal/process/task_queues:105:5)
    at /home/buildthings/Documents/projects/actives/HSF-Backend-New/src/presentation/routes/userRoutes/mfa.routes.ts:25:22
2025-05-13 20:04:24 [ERROR]: Error: ENOENT: no such file or directory, open '/home/buildthings/Documents/projects/actives/HSF-Backend-New/uploads/af4f4aaf-2e87-4811-83cc-9246e37b0316.jpeg'
    at open (node:internal/fs/promises:638:25)
    at Object.writeFile (node:internal/fs/promises:1212:14)
    at FileRepository.upload (/home/buildthings/Documents/projects/actives/HSF-Backend-New/src/infrastructure/services/file.system.service.ts:33:9)
    at FileController.uploadSingleFile (/home/buildthings/Documents/projects/actives/HSF-Backend-New/src/presentation/controllers/File.controller.ts:10:26)
    at /home/buildthings/Documents/projects/actives/HSF-Backend-New/src/presentation/routes/file/file.routes.ts:44:24
2025-05-15 06:47:06 [ERROR]: MaxRetriesPerRequestError: Reached the max retries per request limit (which is 20). Refer to "maxRetriesPerRequest" option for details.
    at Socket.<anonymous> (/home/buildthings/Documents/projects/actives/HSF-Backend-New/node_modules/ioredis/built/redis/event_handler.js:182:37)
    at Object.onceWrapper (node:events:633:26)
    at Socket.emit (node:events:518:28)
    at TCP.<anonymous> (node:net:351:12)
